2018-01-24 17:13:17,678 INFO  [Log] **************************************************************************************** 
2018-01-24 17:13:17,874 INFO  [Log] **************************************************************************************** 
2018-01-24 17:13:17,875 INFO  [Log] $$$$$$$$$$$$$$$$$$$$$                 Test Suite Begin         $$$$$$$$$$$$$$$$$$$$$$$$$ 
2018-01-24 17:13:17,875 INFO  [Log] **************************************************************************************** 
2018-01-24 17:13:17,875 INFO  [Log] **************************************************************************************** 
2018-01-24 17:13:17,875 INFO  [Log] Loading properties file 
2018-01-24 17:13:18,198 INFO  [Log] Start class 
2018-01-24 17:13:18,199 INFO  [Log] Setting the data engine object 
2018-01-24 17:13:26,087 INFO  [Log] **************************************************************************************** 
2018-01-24 17:13:26,088 INFO  [Log] **************************************************************************************** 
2018-01-24 17:13:26,088 INFO  [Log] $$$$$$$$$$$$$$$$$$$$$                 TC008       $$$$$$$$$$$$$$$$$$$$$$$$$ 
2018-01-24 17:13:26,088 INFO  [Log] **************************************************************************************** 
2018-01-24 17:13:26,088 INFO  [Log] **************************************************************************************** 
2018-01-24 17:13:26,089 INFO  [Log] **************************************************************************************** 
2018-01-24 17:13:26,089 INFO  [Log] **************************************************************************************** 
2018-01-24 17:13:26,089 INFO  [Log] $$$$$$$$$$$$$$$$$$$$$                 TC005       $$$$$$$$$$$$$$$$$$$$$$$$$ 
2018-01-24 17:13:26,089 INFO  [Log] **************************************************************************************** 
2018-01-24 17:13:26,089 INFO  [Log] **************************************************************************************** 
2018-01-24 17:13:26,088 INFO  [Log] **************************************************************************************** 
2018-01-24 17:13:26,090 INFO  [Log] **************************************************************************************** 
2018-01-24 17:13:26,090 INFO  [Log] $$$$$$$$$$$$$$$$$$$$$                 TC007       $$$$$$$$$$$$$$$$$$$$$$$$$ 
2018-01-24 17:13:26,090 INFO  [Log] **************************************************************************************** 
2018-01-24 17:13:26,090 INFO  [Log] **************************************************************************************** 
2018-01-24 17:13:26,088 INFO  [Log] **************************************************************************************** 
2018-01-24 17:13:26,090 INFO  [Log] **************************************************************************************** 
2018-01-24 17:13:26,090 INFO  [Log] $$$$$$$$$$$$$$$$$$$$$                 TC004       $$$$$$$$$$$$$$$$$$$$$$$$$ 
2018-01-24 17:13:26,090 INFO  [Log] **************************************************************************************** 
2018-01-24 17:13:26,090 INFO  [Log] **************************************************************************************** 
2018-01-24 17:13:26,087 INFO  [Log] **************************************************************************************** 
2018-01-24 17:13:26,091 INFO  [Log] **************************************************************************************** 
2018-01-24 17:13:26,091 INFO  [Log] $$$$$$$$$$$$$$$$$$$$$                 TC003       $$$$$$$$$$$$$$$$$$$$$$$$$ 
2018-01-24 17:13:26,091 INFO  [Log] **************************************************************************************** 
2018-01-24 17:13:26,091 INFO  [Log] **************************************************************************************** 
2018-01-24 17:13:26,091 INFO  [Log] **************************************************************************************** 
2018-01-24 17:13:26,091 INFO  [Log] **************************************************************************************** 
2018-01-24 17:13:26,091 INFO  [Log] $$$$$$$$$$$$$$$$$$$$$                 TC006       $$$$$$$$$$$$$$$$$$$$$$$$$ 
2018-01-24 17:13:26,091 INFO  [Log] **************************************************************************************** 
2018-01-24 17:13:26,091 INFO  [Log] **************************************************************************************** 
2018-01-24 17:13:26,087 INFO  [Log] **************************************************************************************** 
2018-01-24 17:13:26,093 INFO  [Log] **************************************************************************************** 
2018-01-24 17:13:26,093 INFO  [Log] $$$$$$$$$$$$$$$$$$$$$                 TC002       $$$$$$$$$$$$$$$$$$$$$$$$$ 
2018-01-24 17:13:26,093 INFO  [Log] **************************************************************************************** 
2018-01-24 17:13:26,093 INFO  [Log] **************************************************************************************** 
2018-01-24 17:13:26,086 INFO  [Log] **************************************************************************************** 
2018-01-24 17:13:26,094 INFO  [Log] **************************************************************************************** 
2018-01-24 17:13:26,094 INFO  [Log] $$$$$$$$$$$$$$$$$$$$$                 TC001       $$$$$$$$$$$$$$$$$$$$$$$$$ 
2018-01-24 17:13:26,094 INFO  [Log] **************************************************************************************** 
2018-01-24 17:13:26,094 INFO  [Log] **************************************************************************************** 
2018-01-24 17:13:26,094 INFO  [Log] Launching browser in local 
2018-01-24 17:13:26,089 INFO  [Log] **************************************************************************************** 
2018-01-24 17:13:26,095 INFO  [Log] **************************************************************************************** 
2018-01-24 17:13:26,095 INFO  [Log] $$$$$$$$$$$$$$$$$$$$$                 TC009       $$$$$$$$$$$$$$$$$$$$$$$$$ 
2018-01-24 17:13:26,095 INFO  [Log] **************************************************************************************** 
2018-01-24 17:13:26,095 INFO  [Log] **************************************************************************************** 
2018-01-24 17:13:26,088 INFO  [Log] **************************************************************************************** 
2018-01-24 17:13:26,096 INFO  [Log] **************************************************************************************** 
2018-01-24 17:13:26,096 INFO  [Log] $$$$$$$$$$$$$$$$$$$$$                 TC010       $$$$$$$$$$$$$$$$$$$$$$$$$ 
2018-01-24 17:13:26,096 INFO  [Log] **************************************************************************************** 
2018-01-24 17:13:26,096 INFO  [Log] **************************************************************************************** 
2018-01-24 17:13:26,105 INFO  [Log] Launching browser in local 
2018-01-24 17:13:26,122 INFO  [Log] Launching browser in local 
2018-01-24 17:13:26,136 INFO  [Log] Launching browser in local 
2018-01-24 17:13:26,136 INFO  [Log] Launching browser in local 
2018-01-24 17:13:26,136 INFO  [Log] Launching browser in local 
2018-01-24 17:13:26,137 INFO  [Log] Launching browser in local 
2018-01-24 17:13:26,138 INFO  [Log] Launching browser in local 
2018-01-24 17:13:26,138 INFO  [Log] Launching browser in local 
2018-01-24 17:13:26,138 INFO  [Log] Launching browser in local 
2018-01-24 17:15:10,348 ERROR [Log] Error launching browser | Exception Description - unknown error: unable to discover open pages
  (Driver info: chromedriver=2.29.461591 (62ebf098771772160f391d75e589dc567915b233),platform=Windows NT 10.0.16299 x86_64) (WARNING: The server did not provide any stacktrace information)
Command duration or timeout: 94.81 seconds
Build info: version: '3.4.0', revision: 'unknown', time: 'unknown'
System info: host: 'HIMEN', ip: '10.3.136.251', os.name: 'Windows 10', os.arch: 'amd64', os.version: '10.0', java.version: '1.8.0_151'
Driver info: driver.version: ChromeDriver 
2018-01-24 17:15:10,348 ERROR [Log] Error launching browser | Exception Description - unknown error: unable to discover open pages
  (Driver info: chromedriver=2.29.461591 (62ebf098771772160f391d75e589dc567915b233),platform=Windows NT 10.0.16299 x86_64) (WARNING: The server did not provide any stacktrace information)
Command duration or timeout: 95.07 seconds
Build info: version: '3.4.0', revision: 'unknown', time: 'unknown'
System info: host: 'HIMEN', ip: '10.3.136.251', os.name: 'Windows 10', os.arch: 'amd64', os.version: '10.0', java.version: '1.8.0_151'
Driver info: driver.version: ChromeDriver 
2018-01-24 17:15:10,348 ERROR [Log] Error launching browser | Exception Description - unknown error: unable to discover open pages
  (Driver info: chromedriver=2.29.461591 (62ebf098771772160f391d75e589dc567915b233),platform=Windows NT 10.0.16299 x86_64) (WARNING: The server did not provide any stacktrace information)
Command duration or timeout: 95.54 seconds
Build info: version: '3.4.0', revision: 'unknown', time: 'unknown'
System info: host: 'HIMEN', ip: '10.3.136.251', os.name: 'Windows 10', os.arch: 'amd64', os.version: '10.0', java.version: '1.8.0_151'
Driver info: driver.version: ChromeDriver 
2018-01-24 17:15:10,349 ERROR [Log] Error launching browser | Exception Description - unknown error: unable to discover open pages
  (Driver info: chromedriver=2.29.461591 (62ebf098771772160f391d75e589dc567915b233),platform=Windows NT 10.0.16299 x86_64) (WARNING: The server did not provide any stacktrace information)
Command duration or timeout: 94.82 seconds
Build info: version: '3.4.0', revision: 'unknown', time: 'unknown'
System info: host: 'HIMEN', ip: '10.3.136.251', os.name: 'Windows 10', os.arch: 'amd64', os.version: '10.0', java.version: '1.8.0_151'
Driver info: driver.version: ChromeDriver 
2018-01-24 17:15:10,349 ERROR [Log] Error launching browser | Exception Description - unknown error: unable to discover open pages
  (Driver info: chromedriver=2.29.461591 (62ebf098771772160f391d75e589dc567915b233),platform=Windows NT 10.0.16299 x86_64) (WARNING: The server did not provide any stacktrace information)
Command duration or timeout: 94.84 seconds
Build info: version: '3.4.0', revision: 'unknown', time: 'unknown'
System info: host: 'HIMEN', ip: '10.3.136.251', os.name: 'Windows 10', os.arch: 'amd64', os.version: '10.0', java.version: '1.8.0_151'
Driver info: driver.version: ChromeDriver 
2018-01-24 17:15:10,350 ERROR [Log] Error launching browser | Exception Description - unknown error: unable to discover open pages
  (Driver info: chromedriver=2.29.461591 (62ebf098771772160f391d75e589dc567915b233),platform=Windows NT 10.0.16299 x86_64) (WARNING: The server did not provide any stacktrace information)
Command duration or timeout: 94.80 seconds
Build info: version: '3.4.0', revision: 'unknown', time: 'unknown'
System info: host: 'HIMEN', ip: '10.3.136.251', os.name: 'Windows 10', os.arch: 'amd64', os.version: '10.0', java.version: '1.8.0_151'
Driver info: driver.version: ChromeDriver 
2018-01-24 17:15:10,348 ERROR [Log] Error launching browser | Exception Description - unknown error: unable to discover open pages
  (Driver info: chromedriver=2.29.461591 (62ebf098771772160f391d75e589dc567915b233),platform=Windows NT 10.0.16299 x86_64) (WARNING: The server did not provide any stacktrace information)
Command duration or timeout: 95.41 seconds
Build info: version: '3.4.0', revision: 'unknown', time: 'unknown'
System info: host: 'HIMEN', ip: '10.3.136.251', os.name: 'Windows 10', os.arch: 'amd64', os.version: '10.0', java.version: '1.8.0_151'
Driver info: driver.version: ChromeDriver 
2018-01-24 17:15:10,348 ERROR [Log] Error launching browser | Exception Description - unknown error: unable to discover open pages
  (Driver info: chromedriver=2.29.461591 (62ebf098771772160f391d75e589dc567915b233),platform=Windows NT 10.0.16299 x86_64) (WARNING: The server did not provide any stacktrace information)
Command duration or timeout: 94.66 seconds
Build info: version: '3.4.0', revision: 'unknown', time: 'unknown'
System info: host: 'HIMEN', ip: '10.3.136.251', os.name: 'Windows 10', os.arch: 'amd64', os.version: '10.0', java.version: '1.8.0_151'
Driver info: driver.version: ChromeDriver 
2018-01-24 17:15:10,351 ERROR [Log] Error launching browser | Exception Description - unknown error: unable to discover open pages
  (Driver info: chromedriver=2.29.461591 (62ebf098771772160f391d75e589dc567915b233),platform=Windows NT 10.0.16299 x86_64) (WARNING: The server did not provide any stacktrace information)
Command duration or timeout: 94.58 seconds
Build info: version: '3.4.0', revision: 'unknown', time: 'unknown'
System info: host: 'HIMEN', ip: '10.3.136.251', os.name: 'Windows 10', os.arch: 'amd64', os.version: '10.0', java.version: '1.8.0_151'
Driver info: driver.version: ChromeDriver 
2018-01-24 17:15:10,350 ERROR [Log] Error launching browser | Exception Description - unknown error: unable to discover open pages
  (Driver info: chromedriver=2.29.461591 (62ebf098771772160f391d75e589dc567915b233),platform=Windows NT 10.0.16299 x86_64) (WARNING: The server did not provide any stacktrace information)
Command duration or timeout: 94.65 seconds
Build info: version: '3.4.0', revision: 'unknown', time: 'unknown'
System info: host: 'HIMEN', ip: '10.3.136.251', os.name: 'Windows 10', os.arch: 'amd64', os.version: '10.0', java.version: '1.8.0_151'
Driver info: driver.version: ChromeDriver 
2018-01-24 17:15:10,395 INFO  [Log] XXXXXXXXXXXXXXXXXXXXXXX             -E---N---D-             XXXXXXXXXXXXXXXXXXXXXX 
2018-01-24 17:15:10,398 INFO  [Log] X 
2018-01-24 17:15:10,398 INFO  [Log] X 
2018-01-24 17:15:10,398 INFO  [Log] X 
2018-01-24 17:15:10,398 INFO  [Log] X 
2018-01-24 17:15:10,405 INFO  [Log] XXXXXXXXXXXXXXXXXXXXXXX             -E---N---D-             XXXXXXXXXXXXXXXXXXXXXX 
2018-01-24 17:15:10,405 INFO  [Log] X 
2018-01-24 17:15:10,406 INFO  [Log] X 
2018-01-24 17:15:10,406 INFO  [Log] X 
2018-01-24 17:15:10,406 INFO  [Log] X 
2018-01-24 17:15:10,465 INFO  [Log] XXXXXXXXXXXXXXXXXXXXXXX             -E---N---D-             XXXXXXXXXXXXXXXXXXXXXX 
2018-01-24 17:15:10,465 INFO  [Log] X 
2018-01-24 17:15:10,465 INFO  [Log] X 
2018-01-24 17:15:10,465 INFO  [Log] X 
2018-01-24 17:15:10,465 INFO  [Log] X 
2018-01-24 17:15:10,466 INFO  [Log] XXXXXXXXXXXXXXXXXXXXXXX             -E---N---D-             XXXXXXXXXXXXXXXXXXXXXX 
2018-01-24 17:15:10,466 INFO  [Log] X 
2018-01-24 17:15:10,466 INFO  [Log] X 
2018-01-24 17:15:10,466 INFO  [Log] X 
2018-01-24 17:15:10,466 INFO  [Log] X 
2018-01-24 17:15:10,468 INFO  [Log] XXXXXXXXXXXXXXXXXXXXXXX             -E---N---D-             XXXXXXXXXXXXXXXXXXXXXX 
2018-01-24 17:15:10,468 INFO  [Log] X 
2018-01-24 17:15:10,468 INFO  [Log] X 
2018-01-24 17:15:10,469 INFO  [Log] X 
2018-01-24 17:15:10,469 INFO  [Log] X 
2018-01-24 17:15:10,470 INFO  [Log] XXXXXXXXXXXXXXXXXXXXXXX             -E---N---D-             XXXXXXXXXXXXXXXXXXXXXX 
2018-01-24 17:15:10,470 INFO  [Log] X 
2018-01-24 17:15:10,470 INFO  [Log] X 
2018-01-24 17:15:10,470 INFO  [Log] X 
2018-01-24 17:15:10,470 INFO  [Log] X 
2018-01-24 17:15:10,471 INFO  [Log] XXXXXXXXXXXXXXXXXXXXXXX             -E---N---D-             XXXXXXXXXXXXXXXXXXXXXX 
2018-01-24 17:15:10,471 INFO  [Log] X 
2018-01-24 17:15:10,471 INFO  [Log] X 
2018-01-24 17:15:10,471 INFO  [Log] X 
2018-01-24 17:15:10,472 INFO  [Log] X 
2018-01-24 17:15:10,473 INFO  [Log] XXXXXXXXXXXXXXXXXXXXXXX             -E---N---D-             XXXXXXXXXXXXXXXXXXXXXX 
2018-01-24 17:15:10,473 INFO  [Log] X 
2018-01-24 17:15:10,473 INFO  [Log] X 
2018-01-24 17:15:10,473 INFO  [Log] X 
2018-01-24 17:15:10,473 INFO  [Log] X 
2018-01-24 17:15:10,474 INFO  [Log] XXXXXXXXXXXXXXXXXXXXXXX             -E---N---D-             XXXXXXXXXXXXXXXXXXXXXX 
2018-01-24 17:15:10,474 INFO  [Log] X 
2018-01-24 17:15:10,474 INFO  [Log] X 
2018-01-24 17:15:10,474 INFO  [Log] X 
2018-01-24 17:15:10,475 INFO  [Log] X 
2018-01-24 17:15:10,476 INFO  [Log] XXXXXXXXXXXXXXXXXXXXXXX             -E---N---D-             XXXXXXXXXXXXXXXXXXXXXX 
2018-01-24 17:15:10,476 INFO  [Log] X 
2018-01-24 17:15:10,476 INFO  [Log] X 
2018-01-24 17:15:10,476 INFO  [Log] X 
2018-01-24 17:15:10,476 INFO  [Log] X 
2018-01-24 17:15:10,611 INFO  [Log] Saving the result 
2018-02-22 17:00:32,268 INFO  [Log] **************************************************************************************** 
2018-02-22 17:00:32,282 INFO  [Log] **************************************************************************************** 
2018-02-22 17:00:32,282 INFO  [Log] $$$$$$$$$$$$$$$$$$$$$                 Test Suite Begin         $$$$$$$$$$$$$$$$$$$$$$$$$ 
2018-02-22 17:00:32,283 INFO  [Log] **************************************************************************************** 
2018-02-22 17:00:32,283 INFO  [Log] **************************************************************************************** 
2018-02-22 17:00:32,283 INFO  [Log] Loading properties file 
2018-02-22 17:00:32,319 INFO  [Log] Start class 
2018-02-22 17:00:32,319 INFO  [Log] Setting the data engine object 
2018-02-22 17:00:33,873 INFO  [Log] **************************************************************************************** 
2018-02-22 17:00:33,873 INFO  [Log] **************************************************************************************** 
2018-02-22 17:00:33,874 INFO  [Log] **************************************************************************************** 
2018-02-22 17:00:33,873 INFO  [Log] **************************************************************************************** 
2018-02-22 17:00:33,874 INFO  [Log] $$$$$$$$$$$$$$$$$$$$$                 TC003       $$$$$$$$$$$$$$$$$$$$$$$$$ 
2018-02-22 17:00:33,874 INFO  [Log] **************************************************************************************** 
2018-02-22 17:00:33,874 INFO  [Log] **************************************************************************************** 
2018-02-22 17:00:33,874 INFO  [Log] **************************************************************************************** 
2018-02-22 17:00:33,874 INFO  [Log] **************************************************************************************** 
2018-02-22 17:00:33,874 INFO  [Log] $$$$$$$$$$$$$$$$$$$$$                 TC002       $$$$$$$$$$$$$$$$$$$$$$$$$ 
2018-02-22 17:00:33,874 INFO  [Log] $$$$$$$$$$$$$$$$$$$$$                 TC001       $$$$$$$$$$$$$$$$$$$$$$$$$ 
2018-02-22 17:00:33,874 INFO  [Log] **************************************************************************************** 
2018-02-22 17:00:33,874 INFO  [Log] **************************************************************************************** 
2018-02-22 17:00:33,874 INFO  [Log] **************************************************************************************** 
2018-02-22 17:00:33,874 INFO  [Log] **************************************************************************************** 
2018-02-22 17:00:33,875 INFO  [Log] Launching browser in local 
2018-02-22 17:00:33,876 INFO  [Log] Launching browser in local 
2018-02-22 17:00:33,876 INFO  [Log] Launching browser in local 
2018-02-22 17:01:09,460 INFO  [Log] Redirecting to url - https://mpower.tvo.org/educators/#/login/ 
2018-02-22 17:01:09,461 INFO  [Log] Redirecting to url - http://www.store.demoqa.com 
2018-02-22 17:01:09,461 INFO  [Log] Redirecting to url - https://mpower.tvo.org/educators/#/login/ 
2018-02-22 17:01:43,022 INFO  [Log] Clicking on a webelement 
2018-02-22 17:01:48,786 ERROR [Log] Error while clicking on a webelement | Exception Description - null 
2018-02-22 17:01:48,790 INFO  [Log] XXXXXXXXXXXXXXXXXXXXXXX             -E---N---D-             XXXXXXXXXXXXXXXXXXXXXX 
2018-02-22 17:01:48,791 INFO  [Log] X 
2018-02-22 17:01:48,791 INFO  [Log] X 
2018-02-22 17:01:48,791 INFO  [Log] X 
2018-02-22 17:01:48,791 INFO  [Log] X 
2018-02-22 17:01:48,950 INFO  [Log] **************************************************************************************** 
2018-02-22 17:01:48,950 INFO  [Log] **************************************************************************************** 
2018-02-22 17:01:48,951 INFO  [Log] $$$$$$$$$$$$$$$$$$$$$                 TC004       $$$$$$$$$$$$$$$$$$$$$$$$$ 
2018-02-22 17:01:48,951 INFO  [Log] **************************************************************************************** 
2018-02-22 17:01:48,951 INFO  [Log] **************************************************************************************** 
2018-02-22 17:01:48,953 INFO  [Log] Launching browser in local 
2018-02-22 17:01:59,015 INFO  [Log] Redirecting to url - https://mpower.tvo.org/educators/#/login/ 
2018-02-22 17:02:05,160 ERROR [Log] Error redirecting browser | Exception Description - unknown error: missing or invalid 'entry.level'
  (Session info: chrome=64.0.3282.167)
  (Driver info: chromedriver=2.29.461591 (62ebf098771772160f391d75e589dc567915b233),platform=Windows NT 10.0.16299 x86_64) (WARNING: The server did not provide any stacktrace information)
Command duration or timeout: 55.59 seconds
Build info: version: '3.4.0', revision: 'unknown', time: 'unknown'
System info: host: 'HIMEN', ip: '10.3.136.250', os.name: 'Windows 10', os.arch: 'amd64', os.version: '10.0', java.version: '1.8.0_161'
Driver info: org.openqa.selenium.chrome.ChromeDriver
Capabilities [{applicationCacheEnabled=false, rotatable=false, mobileEmulationEnabled=false, networkConnectionEnabled=false, chrome={chromedriverVersion=2.29.461591 (62ebf098771772160f391d75e589dc567915b233), userDataDir=C:\Users\HIMEN\AppData\Local\Temp\scoped_dir11132_4106}, takesHeapSnapshot=true, pageLoadStrategy=normal, databaseEnabled=false, handlesAlerts=true, hasTouchScreen=false, version=64.0.3282.167, platform=XP, browserConnectionEnabled=false, nativeEvents=true, acceptSslCerts=true, locationContextEnabled=true, webStorageEnabled=true, browserName=chrome, takesScreenshot=true, javascriptEnabled=true, cssSelectorsEnabled=true, unexpectedAlertBehaviour=}]
Session ID: 6612d3e7f4d5d18262a821c2d6fab5f1 
2018-02-22 17:02:05,161 INFO  [Log] XXXXXXXXXXXXXXXXXXXXXXX             -E---N---D-             XXXXXXXXXXXXXXXXXXXXXX 
2018-02-22 17:02:05,162 INFO  [Log] X 
2018-02-22 17:02:05,162 INFO  [Log] X 
2018-02-22 17:02:05,162 INFO  [Log] X 
2018-02-22 17:02:05,162 INFO  [Log] X 
2018-02-22 17:02:05,165 INFO  [Log] **************************************************************************************** 
2018-02-22 17:02:05,166 INFO  [Log] **************************************************************************************** 
2018-02-22 17:02:05,166 INFO  [Log] $$$$$$$$$$$$$$$$$$$$$                 TC005       $$$$$$$$$$$$$$$$$$$$$$$$$ 
2018-02-22 17:02:05,166 INFO  [Log] **************************************************************************************** 
2018-02-22 17:02:05,166 INFO  [Log] **************************************************************************************** 
2018-02-22 17:02:05,180 INFO  [Log] Launching browser in local 
2018-02-22 17:02:15,519 INFO  [Log] Redirecting to url - https://mpower.tvo.org/educators/#/login/ 
2018-02-22 17:03:01,074 INFO  [Log] Clicking on a webelement 
2018-02-22 17:03:06,450 ERROR [Log] Error while clicking on a webelement | Exception Description - unknown error: cannot determine loading status
from unknown error: missing or invalid 'entry.level'
  (Session info: chrome=64.0.3282.167)
  (Driver info: chromedriver=2.29.461591 (62ebf098771772160f391d75e589dc567915b233),platform=Windows NT 10.0.16299 x86_64) (WARNING: The server did not provide any stacktrace information)
Command duration or timeout: 4.84 seconds
Build info: version: '3.4.0', revision: 'unknown', time: 'unknown'
System info: host: 'HIMEN', ip: '10.3.136.250', os.name: 'Windows 10', os.arch: 'amd64', os.version: '10.0', java.version: '1.8.0_161'
Driver info: org.openqa.selenium.chrome.ChromeDriver
Capabilities [{applicationCacheEnabled=false, rotatable=false, mobileEmulationEnabled=false, networkConnectionEnabled=false, chrome={chromedriverVersion=2.29.461591 (62ebf098771772160f391d75e589dc567915b233), userDataDir=C:\Users\HIMEN\AppData\Local\Temp\scoped_dir12864_23212}, takesHeapSnapshot=true, pageLoadStrategy=normal, databaseEnabled=false, handlesAlerts=true, hasTouchScreen=false, version=64.0.3282.167, platform=XP, browserConnectionEnabled=false, nativeEvents=true, acceptSslCerts=true, locationContextEnabled=true, webStorageEnabled=true, browserName=chrome, takesScreenshot=true, javascriptEnabled=true, cssSelectorsEnabled=true, unexpectedAlertBehaviour=}]
Session ID: 6eb48c55d66d890686bb7521fef23e72 
2018-02-22 17:03:06,453 INFO  [Log] XXXXXXXXXXXXXXXXXXXXXXX             -E---N---D-             XXXXXXXXXXXXXXXXXXXXXX 
2018-02-22 17:03:06,453 INFO  [Log] X 
2018-02-22 17:03:06,453 INFO  [Log] X 
2018-02-22 17:03:06,453 INFO  [Log] X 
2018-02-22 17:03:06,453 INFO  [Log] X 
2018-02-22 17:03:06,457 INFO  [Log] **************************************************************************************** 
2018-02-22 17:03:06,457 INFO  [Log] **************************************************************************************** 
2018-02-22 17:03:06,457 INFO  [Log] $$$$$$$$$$$$$$$$$$$$$                 TC006       $$$$$$$$$$$$$$$$$$$$$$$$$ 
2018-02-22 17:03:06,457 INFO  [Log] **************************************************************************************** 
2018-02-22 17:03:06,457 INFO  [Log] **************************************************************************************** 
2018-02-22 17:03:06,459 INFO  [Log] Launching browser in local 
2018-02-22 17:03:12,458 INFO  [Log] Redirecting to url - https://mpower.tvo.org/educators/#/login/ 
2018-02-22 17:03:37,880 ERROR [Log] Error redirecting browser | Exception Description - unknown error: missing or invalid 'entry.level'
  (Session info: chrome=64.0.3282.167)
  (Driver info: chromedriver=2.29.461591 (62ebf098771772160f391d75e589dc567915b233),platform=Windows NT 10.0.16299 x86_64) (WARNING: The server did not provide any stacktrace information)
Command duration or timeout: 82.36 seconds
Build info: version: '3.4.0', revision: 'unknown', time: 'unknown'
System info: host: 'HIMEN', ip: '10.3.136.250', os.name: 'Windows 10', os.arch: 'amd64', os.version: '10.0', java.version: '1.8.0_161'
Driver info: org.openqa.selenium.chrome.ChromeDriver
Capabilities [{applicationCacheEnabled=false, rotatable=false, mobileEmulationEnabled=false, networkConnectionEnabled=false, chrome={chromedriverVersion=2.29.461591 (62ebf098771772160f391d75e589dc567915b233), userDataDir=C:\Users\HIMEN\AppData\Local\Temp\scoped_dir16176_26224}, takesHeapSnapshot=true, pageLoadStrategy=normal, databaseEnabled=false, handlesAlerts=true, hasTouchScreen=false, version=64.0.3282.167, platform=XP, browserConnectionEnabled=false, nativeEvents=true, acceptSslCerts=true, locationContextEnabled=true, webStorageEnabled=true, browserName=chrome, takesScreenshot=true, javascriptEnabled=true, cssSelectorsEnabled=true, unexpectedAlertBehaviour=}]
Session ID: 95df034caa5be404d1d2598d6cddcd09 
2018-02-22 17:03:37,887 INFO  [Log] XXXXXXXXXXXXXXXXXXXXXXX             -E---N---D-             XXXXXXXXXXXXXXXXXXXXXX 
2018-02-22 17:03:37,887 INFO  [Log] X 
2018-02-22 17:03:37,887 INFO  [Log] X 
2018-02-22 17:03:37,887 INFO  [Log] X 
2018-02-22 17:03:37,887 INFO  [Log] X 
2018-02-22 17:03:37,891 INFO  [Log] **************************************************************************************** 
2018-02-22 17:03:37,891 INFO  [Log] **************************************************************************************** 
2018-02-22 17:03:37,891 INFO  [Log] $$$$$$$$$$$$$$$$$$$$$                 TC007       $$$$$$$$$$$$$$$$$$$$$$$$$ 
2018-02-22 17:03:37,891 INFO  [Log] **************************************************************************************** 
2018-02-22 17:03:37,891 INFO  [Log] **************************************************************************************** 
2018-02-22 17:03:37,893 INFO  [Log] Launching browser in local 
2018-02-22 17:03:41,491 ERROR [Log] Error redirecting browser | Exception Description - unknown error: cannot determine loading status
from unknown error: missing or invalid 'entry.level'
  (Session info: chrome=64.0.3282.167)
  (Driver info: chromedriver=2.29.461591 (62ebf098771772160f391d75e589dc567915b233),platform=Windows NT 10.0.16299 x86_64) (WARNING: The server did not provide any stacktrace information)
Command duration or timeout: 102.48 seconds
Build info: version: '3.4.0', revision: 'unknown', time: 'unknown'
System info: host: 'HIMEN', ip: '10.3.136.250', os.name: 'Windows 10', os.arch: 'amd64', os.version: '10.0', java.version: '1.8.0_161'
Driver info: org.openqa.selenium.chrome.ChromeDriver
Capabilities [{applicationCacheEnabled=false, rotatable=false, mobileEmulationEnabled=false, networkConnectionEnabled=false, chrome={chromedriverVersion=2.29.461591 (62ebf098771772160f391d75e589dc567915b233), userDataDir=C:\Users\HIMEN\AppData\Local\Temp\scoped_dir9876_21748}, takesHeapSnapshot=true, pageLoadStrategy=normal, databaseEnabled=false, handlesAlerts=true, hasTouchScreen=false, version=64.0.3282.167, platform=XP, browserConnectionEnabled=false, nativeEvents=true, acceptSslCerts=true, locationContextEnabled=true, webStorageEnabled=true, browserName=chrome, takesScreenshot=true, javascriptEnabled=true, cssSelectorsEnabled=true, unexpectedAlertBehaviour=}]
Session ID: 0e89271c09c33f2bf3834411622007d7 
2018-02-22 17:03:41,494 INFO  [Log] XXXXXXXXXXXXXXXXXXXXXXX             -E---N---D-             XXXXXXXXXXXXXXXXXXXXXX 
2018-02-22 17:03:41,494 INFO  [Log] X 
2018-02-22 17:03:41,494 INFO  [Log] X 
2018-02-22 17:03:41,494 INFO  [Log] X 
2018-02-22 17:03:41,494 INFO  [Log] X 
2018-02-22 17:03:41,498 INFO  [Log] **************************************************************************************** 
2018-02-22 17:03:41,498 INFO  [Log] **************************************************************************************** 
2018-02-22 17:03:41,498 INFO  [Log] $$$$$$$$$$$$$$$$$$$$$                 TC008       $$$$$$$$$$$$$$$$$$$$$$$$$ 
2018-02-22 17:03:41,498 INFO  [Log] **************************************************************************************** 
2018-02-22 17:03:41,498 INFO  [Log] **************************************************************************************** 
2018-02-22 17:03:41,501 INFO  [Log] Launching browser in local 
2018-02-22 17:03:55,010 INFO  [Log] Clicking on a webelement 
2018-02-22 17:04:00,424 ERROR [Log] Error while clicking on a webelement | Exception Description - null 
2018-02-22 17:04:00,426 INFO  [Log] XXXXXXXXXXXXXXXXXXXXXXX             -E---N---D-             XXXXXXXXXXXXXXXXXXXXXX 
2018-02-22 17:04:00,427 INFO  [Log] X 
2018-02-22 17:04:00,427 INFO  [Log] X 
2018-02-22 17:04:00,427 INFO  [Log] X 
2018-02-22 17:04:00,427 INFO  [Log] X 
2018-02-22 17:04:00,432 INFO  [Log] **************************************************************************************** 
2018-02-22 17:04:00,432 INFO  [Log] **************************************************************************************** 
2018-02-22 17:04:00,432 INFO  [Log] $$$$$$$$$$$$$$$$$$$$$                 TC009       $$$$$$$$$$$$$$$$$$$$$$$$$ 
2018-02-22 17:04:00,432 INFO  [Log] **************************************************************************************** 
2018-02-22 17:04:00,432 INFO  [Log] **************************************************************************************** 
2018-02-22 17:04:00,435 INFO  [Log] Launching browser in local 
2018-02-22 17:04:05,945 INFO  [Log] Redirecting to url - https://mpower.tvo.org/educators/#/login/ 
2018-02-22 17:04:09,091 INFO  [Log] Redirecting to url - https://mpower.tvo.org/educators/#/login/ 
2018-02-22 17:04:19,091 INFO  [Log] Redirecting to url - https://www.avivainsurance.ca/ 
2018-02-22 17:04:58,671 ERROR [Log] Error redirecting browser | Exception Description - unknown error: missing or invalid 'entry.level'
  (Session info: chrome=64.0.3282.167)
  (Driver info: chromedriver=2.29.461591 (62ebf098771772160f391d75e589dc567915b233),platform=Windows NT 10.0.16299 x86_64) (WARNING: The server did not provide any stacktrace information)
Command duration or timeout: 39.58 seconds
Build info: version: '3.4.0', revision: 'unknown', time: 'unknown'
System info: host: 'HIMEN', ip: '10.3.136.250', os.name: 'Windows 10', os.arch: 'amd64', os.version: '10.0', java.version: '1.8.0_161'
Driver info: org.openqa.selenium.chrome.ChromeDriver
Capabilities [{applicationCacheEnabled=false, rotatable=false, mobileEmulationEnabled=false, networkConnectionEnabled=false, chrome={chromedriverVersion=2.29.461591 (62ebf098771772160f391d75e589dc567915b233), userDataDir=C:\Users\HIMEN\AppData\Local\Temp\scoped_dir12736_3375}, takesHeapSnapshot=true, pageLoadStrategy=normal, databaseEnabled=false, handlesAlerts=true, hasTouchScreen=false, version=64.0.3282.167, platform=XP, browserConnectionEnabled=false, nativeEvents=true, acceptSslCerts=true, locationContextEnabled=true, webStorageEnabled=true, browserName=chrome, takesScreenshot=true, javascriptEnabled=true, cssSelectorsEnabled=true, unexpectedAlertBehaviour=}]
Session ID: cd250354ce5ed8e4e374aae7ff4d746a 
2018-02-22 17:04:58,674 INFO  [Log] XXXXXXXXXXXXXXXXXXXXXXX             -E---N---D-             XXXXXXXXXXXXXXXXXXXXXX 
2018-02-22 17:04:58,674 INFO  [Log] X 
2018-02-22 17:04:58,674 INFO  [Log] X 
2018-02-22 17:04:58,674 INFO  [Log] X 
2018-02-22 17:04:58,674 INFO  [Log] X 
2018-02-22 17:04:58,678 INFO  [Log] **************************************************************************************** 
2018-02-22 17:04:58,678 INFO  [Log] **************************************************************************************** 
2018-02-22 17:04:58,678 INFO  [Log] $$$$$$$$$$$$$$$$$$$$$                 TC010       $$$$$$$$$$$$$$$$$$$$$$$$$ 
2018-02-22 17:04:58,678 INFO  [Log] **************************************************************************************** 
2018-02-22 17:04:58,678 INFO  [Log] **************************************************************************************** 
2018-02-22 17:04:58,680 INFO  [Log] Launching browser in local 
2018-02-22 17:05:15,855 INFO  [Log] Redirecting to url - https://www.avivainsurance.ca/ 
2018-02-22 17:05:39,862 ERROR [Log] Error redirecting browser | Exception Description - unknown error: missing or invalid 'entry.level'
  (Session info: chrome=64.0.3282.167)
  (Driver info: chromedriver=2.29.461591 (62ebf098771772160f391d75e589dc567915b233),platform=Windows NT 10.0.16299 x86_64) (WARNING: The server did not provide any stacktrace information)
Command duration or timeout: 24.01 seconds
Build info: version: '3.4.0', revision: 'unknown', time: 'unknown'
System info: host: 'HIMEN', ip: '10.3.136.250', os.name: 'Windows 10', os.arch: 'amd64', os.version: '10.0', java.version: '1.8.0_161'
Driver info: org.openqa.selenium.chrome.ChromeDriver
Capabilities [{applicationCacheEnabled=false, rotatable=false, mobileEmulationEnabled=false, networkConnectionEnabled=false, chrome={chromedriverVersion=2.29.461591 (62ebf098771772160f391d75e589dc567915b233), userDataDir=C:\Users\HIMEN\AppData\Local\Temp\scoped_dir9684_2380}, takesHeapSnapshot=true, pageLoadStrategy=normal, databaseEnabled=false, handlesAlerts=true, hasTouchScreen=false, version=64.0.3282.167, platform=XP, browserConnectionEnabled=false, nativeEvents=true, acceptSslCerts=true, locationContextEnabled=true, webStorageEnabled=true, browserName=chrome, takesScreenshot=true, javascriptEnabled=true, cssSelectorsEnabled=true, unexpectedAlertBehaviour=}]
Session ID: fc2ff4d8a7532e7a10e7ba43b01a3ddf 
2018-02-22 17:05:39,864 INFO  [Log] XXXXXXXXXXXXXXXXXXXXXXX             -E---N---D-             XXXXXXXXXXXXXXXXXXXXXX 
2018-02-22 17:05:39,864 INFO  [Log] X 
2018-02-22 17:05:39,864 INFO  [Log] X 
2018-02-22 17:05:39,864 INFO  [Log] X 
2018-02-22 17:05:39,865 INFO  [Log] X 
2018-02-22 17:05:41,397 ERROR [Log] Error redirecting browser | Exception Description - unknown error: missing or invalid 'entry.level'
  (Session info: chrome=64.0.3282.167)
  (Driver info: chromedriver=2.29.461591 (62ebf098771772160f391d75e589dc567915b233),platform=Windows NT 10.0.16299 x86_64) (WARNING: The server did not provide any stacktrace information)
Command duration or timeout: 95.45 seconds
Build info: version: '3.4.0', revision: 'unknown', time: 'unknown'
System info: host: 'HIMEN', ip: '10.3.136.250', os.name: 'Windows 10', os.arch: 'amd64', os.version: '10.0', java.version: '1.8.0_161'
Driver info: org.openqa.selenium.chrome.ChromeDriver
Capabilities [{applicationCacheEnabled=false, rotatable=false, mobileEmulationEnabled=false, networkConnectionEnabled=false, chrome={chromedriverVersion=2.29.461591 (62ebf098771772160f391d75e589dc567915b233), userDataDir=C:\Users\HIMEN\AppData\Local\Temp\scoped_dir16000_9791}, takesHeapSnapshot=true, pageLoadStrategy=normal, databaseEnabled=false, handlesAlerts=true, hasTouchScreen=false, version=64.0.3282.167, platform=XP, browserConnectionEnabled=false, nativeEvents=true, acceptSslCerts=true, locationContextEnabled=true, webStorageEnabled=true, browserName=chrome, takesScreenshot=true, javascriptEnabled=true, cssSelectorsEnabled=true, unexpectedAlertBehaviour=}]
Session ID: d00205bf96f81dd999aa5574acd44b2a 
2018-02-22 17:05:41,400 INFO  [Log] XXXXXXXXXXXXXXXXXXXXXXX             -E---N---D-             XXXXXXXXXXXXXXXXXXXXXX 
2018-02-22 17:05:41,400 INFO  [Log] X 
2018-02-22 17:05:41,400 INFO  [Log] X 
2018-02-22 17:05:41,400 INFO  [Log] X 
2018-02-22 17:05:41,400 INFO  [Log] X 
2018-02-22 17:05:44,148 ERROR [Log] Error redirecting browser | Exception Description - unknown error: missing or invalid 'entry.level'
  (Session info: chrome=64.0.3282.167)
  (Driver info: chromedriver=2.29.461591 (62ebf098771772160f391d75e589dc567915b233),platform=Windows NT 10.0.16299 x86_64) (WARNING: The server did not provide any stacktrace information)
Command duration or timeout: 95.06 seconds
Build info: version: '3.4.0', revision: 'unknown', time: 'unknown'
System info: host: 'HIMEN', ip: '10.3.136.250', os.name: 'Windows 10', os.arch: 'amd64', os.version: '10.0', java.version: '1.8.0_161'
Driver info: org.openqa.selenium.chrome.ChromeDriver
Capabilities [{applicationCacheEnabled=false, rotatable=false, mobileEmulationEnabled=false, networkConnectionEnabled=false, chrome={chromedriverVersion=2.29.461591 (62ebf098771772160f391d75e589dc567915b233), userDataDir=C:\Users\HIMEN\AppData\Local\Temp\scoped_dir5200_18683}, takesHeapSnapshot=true, pageLoadStrategy=normal, databaseEnabled=false, handlesAlerts=true, hasTouchScreen=false, version=64.0.3282.167, platform=XP, browserConnectionEnabled=false, nativeEvents=true, acceptSslCerts=true, locationContextEnabled=true, webStorageEnabled=true, browserName=chrome, takesScreenshot=true, javascriptEnabled=true, cssSelectorsEnabled=true, unexpectedAlertBehaviour=}]
Session ID: f7231b7aaa7e74d009edc10b56c460fe 
2018-02-22 17:05:44,151 INFO  [Log] XXXXXXXXXXXXXXXXXXXXXXX             -E---N---D-             XXXXXXXXXXXXXXXXXXXXXX 
2018-02-22 17:05:44,151 INFO  [Log] X 
2018-02-22 17:05:44,151 INFO  [Log] X 
2018-02-22 17:05:44,151 INFO  [Log] X 
2018-02-22 17:05:44,151 INFO  [Log] X 
2018-02-22 17:05:44,156 INFO  [Log] Saving the result 
2018-02-22 17:46:27,290 INFO  [Log] **************************************************************************************** 
2018-02-22 17:46:27,304 INFO  [Log] **************************************************************************************** 
2018-02-22 17:46:27,305 INFO  [Log] $$$$$$$$$$$$$$$$$$$$$                 Test Suite Begin         $$$$$$$$$$$$$$$$$$$$$$$$$ 
2018-02-22 17:46:27,305 INFO  [Log] **************************************************************************************** 
2018-02-22 17:46:27,305 INFO  [Log] **************************************************************************************** 
2018-02-22 17:46:27,305 INFO  [Log] Loading properties file 
2018-02-22 17:46:27,344 INFO  [Log] Start class 
2018-02-22 17:46:27,344 INFO  [Log] Setting the data engine object 
2018-02-22 17:46:29,295 INFO  [Log] **************************************************************************************** 
2018-02-22 17:46:29,295 INFO  [Log] **************************************************************************************** 
2018-02-22 17:46:29,295 INFO  [Log] $$$$$$$$$$$$$$$$$$$$$                 TC001       $$$$$$$$$$$$$$$$$$$$$$$$$ 
2018-02-22 17:46:29,295 INFO  [Log] **************************************************************************************** 
2018-02-22 17:46:29,295 INFO  [Log] **************************************************************************************** 
2018-02-22 17:46:29,296 INFO  [Log] Launching browser in local 
2018-02-22 17:46:36,638 INFO  [Log] Redirecting to url - http://www.store.demoqa.com 
2018-02-22 17:46:42,869 INFO  [Log] Clicking on a webelement 
2018-02-22 17:46:45,408 ERROR [Log] Error while clicking on a webelement | Exception Description - unknown error: cannot determine loading status
from unknown error: missing or invalid 'entry.level'
  (Session info: chrome=64.0.3282.167)
  (Driver info: chromedriver=2.29.461591 (62ebf098771772160f391d75e589dc567915b233),platform=Windows NT 10.0.16299 x86_64) (WARNING: The server did not provide any stacktrace information)
Command duration or timeout: 2.33 seconds
Build info: version: '3.4.0', revision: 'unknown', time: 'unknown'
System info: host: 'HIMEN', ip: '10.3.136.250', os.name: 'Windows 10', os.arch: 'amd64', os.version: '10.0', java.version: '1.8.0_161'
Driver info: org.openqa.selenium.chrome.ChromeDriver
Capabilities [{applicationCacheEnabled=false, rotatable=false, mobileEmulationEnabled=false, networkConnectionEnabled=false, chrome={chromedriverVersion=2.29.461591 (62ebf098771772160f391d75e589dc567915b233), userDataDir=C:\Users\HIMEN\AppData\Local\Temp\scoped_dir13252_17798}, takesHeapSnapshot=true, pageLoadStrategy=normal, databaseEnabled=false, handlesAlerts=true, hasTouchScreen=false, version=64.0.3282.167, platform=XP, browserConnectionEnabled=false, nativeEvents=true, acceptSslCerts=true, locationContextEnabled=true, webStorageEnabled=true, browserName=chrome, takesScreenshot=true, javascriptEnabled=true, cssSelectorsEnabled=true, unexpectedAlertBehaviour=}]
Session ID: 634d1a42a0f942c1a16067435352b49c 
2018-02-22 17:46:45,411 INFO  [Log] XXXXXXXXXXXXXXXXXXXXXXX             -E---N---D-             XXXXXXXXXXXXXXXXXXXXXX 
2018-02-22 17:46:45,411 INFO  [Log] X 
2018-02-22 17:46:45,414 INFO  [Log] X 
2018-02-22 17:46:45,414 INFO  [Log] X 
2018-02-22 17:46:45,414 INFO  [Log] X 
2018-02-22 17:46:45,421 INFO  [Log] **************************************************************************************** 
2018-02-22 17:46:45,422 INFO  [Log] **************************************************************************************** 
2018-02-22 17:46:45,422 INFO  [Log] $$$$$$$$$$$$$$$$$$$$$                 TC002       $$$$$$$$$$$$$$$$$$$$$$$$$ 
2018-02-22 17:46:45,422 INFO  [Log] **************************************************************************************** 
2018-02-22 17:46:45,422 INFO  [Log] **************************************************************************************** 
2018-02-22 17:46:45,423 INFO  [Log] Launching browser in local 
2018-02-22 17:46:47,503 INFO  [Log] Redirecting to url - https://mpower.tvo.org/educators/#/login/ 
2018-02-22 17:46:56,967 ERROR [Log] Error redirecting browser | Exception Description - unknown error: missing or invalid 'entry.level'
  (Session info: chrome=64.0.3282.167)
  (Driver info: chromedriver=2.29.461591 (62ebf098771772160f391d75e589dc567915b233),platform=Windows NT 10.0.16299 x86_64) (WARNING: The server did not provide any stacktrace information)
Command duration or timeout: 9.46 seconds
Build info: version: '3.4.0', revision: 'unknown', time: 'unknown'
System info: host: 'HIMEN', ip: '10.3.136.250', os.name: 'Windows 10', os.arch: 'amd64', os.version: '10.0', java.version: '1.8.0_161'
Driver info: org.openqa.selenium.chrome.ChromeDriver
Capabilities [{applicationCacheEnabled=false, rotatable=false, mobileEmulationEnabled=false, networkConnectionEnabled=false, chrome={chromedriverVersion=2.29.461591 (62ebf098771772160f391d75e589dc567915b233), userDataDir=C:\Users\HIMEN\AppData\Local\Temp\scoped_dir1880_28151}, takesHeapSnapshot=true, pageLoadStrategy=normal, databaseEnabled=false, handlesAlerts=true, hasTouchScreen=false, version=64.0.3282.167, platform=XP, browserConnectionEnabled=false, nativeEvents=true, acceptSslCerts=true, locationContextEnabled=true, webStorageEnabled=true, browserName=chrome, takesScreenshot=true, javascriptEnabled=true, cssSelectorsEnabled=true, unexpectedAlertBehaviour=}]
Session ID: 7581746974a462908b28c5a85a4ce9f2 
2018-02-22 17:46:56,972 INFO  [Log] XXXXXXXXXXXXXXXXXXXXXXX             -E---N---D-             XXXXXXXXXXXXXXXXXXXXXX 
2018-02-22 17:46:56,972 INFO  [Log] X 
2018-02-22 17:46:56,972 INFO  [Log] X 
2018-02-22 17:46:56,972 INFO  [Log] X 
2018-02-22 17:46:56,972 INFO  [Log] X 
2018-02-22 17:46:56,977 INFO  [Log] **************************************************************************************** 
2018-02-22 17:46:56,977 INFO  [Log] **************************************************************************************** 
2018-02-22 17:46:56,977 INFO  [Log] $$$$$$$$$$$$$$$$$$$$$                 TC003       $$$$$$$$$$$$$$$$$$$$$$$$$ 
2018-02-22 17:46:56,978 INFO  [Log] **************************************************************************************** 
2018-02-22 17:46:56,978 INFO  [Log] **************************************************************************************** 
2018-02-22 17:46:56,980 INFO  [Log] Launching browser in local 
2018-02-22 17:47:02,680 INFO  [Log] Redirecting to url - https://mpower.tvo.org/educators/#/login/ 
2018-02-22 17:47:15,179 ERROR [Log] Error redirecting browser | Exception Description - unknown error: missing or invalid 'entry.level'
  (Session info: chrome=64.0.3282.167)
  (Driver info: chromedriver=2.29.461591 (62ebf098771772160f391d75e589dc567915b233),platform=Windows NT 10.0.16299 x86_64) (WARNING: The server did not provide any stacktrace information)
Command duration or timeout: 12.50 seconds
Build info: version: '3.4.0', revision: 'unknown', time: 'unknown'
System info: host: 'HIMEN', ip: '10.3.136.250', os.name: 'Windows 10', os.arch: 'amd64', os.version: '10.0', java.version: '1.8.0_161'
Driver info: org.openqa.selenium.chrome.ChromeDriver
Capabilities [{applicationCacheEnabled=false, rotatable=false, mobileEmulationEnabled=false, networkConnectionEnabled=false, chrome={chromedriverVersion=2.29.461591 (62ebf098771772160f391d75e589dc567915b233), userDataDir=C:\Users\HIMEN\AppData\Local\Temp\scoped_dir1372_1606}, takesHeapSnapshot=true, pageLoadStrategy=normal, databaseEnabled=false, handlesAlerts=true, hasTouchScreen=false, version=64.0.3282.167, platform=XP, browserConnectionEnabled=false, nativeEvents=true, acceptSslCerts=true, locationContextEnabled=true, webStorageEnabled=true, browserName=chrome, takesScreenshot=true, javascriptEnabled=true, cssSelectorsEnabled=true, unexpectedAlertBehaviour=}]
Session ID: 720666227b3f1f08b0873061eb8d26b7 
2018-02-22 17:47:15,181 INFO  [Log] XXXXXXXXXXXXXXXXXXXXXXX             -E---N---D-             XXXXXXXXXXXXXXXXXXXXXX 
2018-02-22 17:47:15,181 INFO  [Log] X 
2018-02-22 17:47:15,181 INFO  [Log] X 
2018-02-22 17:47:15,181 INFO  [Log] X 
2018-02-22 17:47:15,181 INFO  [Log] X 
2018-02-22 17:47:15,185 INFO  [Log] **************************************************************************************** 
2018-02-22 17:47:15,185 INFO  [Log] **************************************************************************************** 
2018-02-22 17:47:15,185 INFO  [Log] $$$$$$$$$$$$$$$$$$$$$                 TC004       $$$$$$$$$$$$$$$$$$$$$$$$$ 
2018-02-22 17:47:15,185 INFO  [Log] **************************************************************************************** 
2018-02-22 17:47:15,185 INFO  [Log] **************************************************************************************** 
2018-02-22 17:47:15,187 INFO  [Log] Launching browser in local 
2018-02-22 17:47:21,382 INFO  [Log] Redirecting to url - https://mpower.tvo.org/educators/#/login/ 
2018-02-22 17:47:26,421 ERROR [Log] Error redirecting browser | Exception Description - unknown error: cannot determine loading status
from unknown error: cannot determine loading status
from disconnected: received Inspector.detached event
  (Session info: chrome=64.0.3282.167)
  (Driver info: chromedriver=2.29.461591 (62ebf098771772160f391d75e589dc567915b233),platform=Windows NT 10.0.16299 x86_64) (WARNING: The server did not provide any stacktrace information)
Command duration or timeout: 5.04 seconds
Build info: version: '3.4.0', revision: 'unknown', time: 'unknown'
System info: host: 'HIMEN', ip: '10.3.136.250', os.name: 'Windows 10', os.arch: 'amd64', os.version: '10.0', java.version: '1.8.0_161'
Driver info: org.openqa.selenium.chrome.ChromeDriver
Capabilities [{applicationCacheEnabled=false, rotatable=false, mobileEmulationEnabled=false, networkConnectionEnabled=false, chrome={chromedriverVersion=2.29.461591 (62ebf098771772160f391d75e589dc567915b233), userDataDir=C:\Users\HIMEN\AppData\Local\Temp\scoped_dir3544_1205}, takesHeapSnapshot=true, pageLoadStrategy=normal, databaseEnabled=false, handlesAlerts=true, hasTouchScreen=false, version=64.0.3282.167, platform=XP, browserConnectionEnabled=false, nativeEvents=true, acceptSslCerts=true, locationContextEnabled=true, webStorageEnabled=true, browserName=chrome, takesScreenshot=true, javascriptEnabled=true, cssSelectorsEnabled=true, unexpectedAlertBehaviour=}]
Session ID: 64022247e092545b9e7a17d70f78c692 
2018-02-22 17:47:26,423 INFO  [Log] XXXXXXXXXXXXXXXXXXXXXXX             -E---N---D-             XXXXXXXXXXXXXXXXXXXXXX 
2018-02-22 17:47:26,423 INFO  [Log] X 
2018-02-22 17:47:26,424 INFO  [Log] X 
2018-02-22 17:47:26,424 INFO  [Log] X 
2018-02-22 17:47:26,424 INFO  [Log] X 
2018-02-22 17:47:26,431 INFO  [Log] **************************************************************************************** 
2018-02-22 17:47:26,431 INFO  [Log] **************************************************************************************** 
2018-02-22 17:47:26,432 INFO  [Log] $$$$$$$$$$$$$$$$$$$$$                 TC005       $$$$$$$$$$$$$$$$$$$$$$$$$ 
2018-02-22 17:47:26,432 INFO  [Log] **************************************************************************************** 
2018-02-22 17:47:26,432 INFO  [Log] **************************************************************************************** 
2018-02-22 17:47:26,434 INFO  [Log] Launching browser in local 
2018-02-22 17:47:31,338 INFO  [Log] Redirecting to url - https://mpower.tvo.org/educators/#/login/ 
2018-02-22 17:47:31,836 INFO  [Log] Clicking on a webelement 
